[debug] [2022-10-25T13:38:49.299Z] ----------------------------------------------------------------------
[debug] [2022-10-25T13:38:49.302Z] Command:       C:\Program Files\nodejs\node.exe C:\Users\Mahbub\AppData\Roaming\npm\node_modules\firebase-tools\lib\bin\firebase.js deploy
[debug] [2022-10-25T13:38:49.302Z] CLI Version:   11.15.0
[debug] [2022-10-25T13:38:49.303Z] Platform:      win32
[debug] [2022-10-25T13:38:49.303Z] Node Version:  v16.15.1
[debug] [2022-10-25T13:38:49.304Z] Time:          Tue Oct 25 2022 19:38:49 GMT+0600 (Bangladesh Standard Time)
[debug] [2022-10-25T13:38:49.304Z] ----------------------------------------------------------------------
[debug] 
[debug] [2022-10-25T13:38:49.486Z] > command requires scopes: ["email","openid","https://www.googleapis.com/auth/cloudplatformprojects.readonly","https://www.googleapis.com/auth/firebase","https://www.googleapis.com/auth/cloud-platform"]
[debug] [2022-10-25T13:38:49.487Z] > authorizing via signed-in user (mahbub1626@gmail.com)
[debug] [2022-10-25T13:38:49.487Z] [iam] checking project js-institute for permissions ["firebase.projects.get","firebasehosting.sites.update"]
[debug] [2022-10-25T13:38:49.489Z] > refreshing access token with scopes: []
[debug] [2022-10-25T13:38:49.492Z] >>> [apiv2][query] POST https://www.googleapis.com/oauth2/v3/token [none]
[debug] [2022-10-25T13:38:49.492Z] >>> [apiv2][body] POST https://www.googleapis.com/oauth2/v3/token [omitted]
[debug] [2022-10-25T13:38:49.527Z] [iam] error while checking permissions, command may fail: FirebaseError: Authentication Error: Your credentials are no longer valid. Please run firebase login --reauth

For CI servers and headless environments, generate a new token with firebase login:ci
[debug] [2022-10-25T13:38:49.528Z] > refreshing access token with scopes: []
[debug] [2022-10-25T13:38:49.529Z] >>> [apiv2][query] POST https://www.googleapis.com/oauth2/v3/token [none]
[debug] [2022-10-25T13:38:49.530Z] >>> [apiv2][body] POST https://www.googleapis.com/oauth2/v3/token [omitted]
[debug] [2022-10-25T13:38:49.553Z] Authentication Error: Your credentials are no longer valid. Please run firebase login --reauth

For CI servers and headless environments, generate a new token with firebase login:ci
[debug] [2022-10-25T13:38:49.581Z] FirebaseError: Authentication Error: Your credentials are no longer valid. Please run firebase login --reauth

For CI servers and headless environments, generate a new token with firebase login:ci
    at invalidCredentialError (C:\Users\Mahbub\AppData\Roaming\npm\node_modules\firebase-tools\lib\auth.js:144:12)
    at refreshTokens (C:\Users\Mahbub\AppData\Roaming\npm\node_modules\firebase-tools\lib\auth.js:508:15)
    at processTicksAndRejections (node:internal/process/task_queues:96:5)
    at async Client.getAccessToken (C:\Users\Mahbub\AppData\Roaming\npm\node_modules\firebase-tools\lib\apiv2.js:149:23)
    at async Client.addAuthHeader (C:\Users\Mahbub\AppData\Roaming\npm\node_modules\firebase-tools\lib\apiv2.js:140:21)
    at async Client.request (C:\Users\Mahbub\AppData\Roaming\npm\node_modules\firebase-tools\lib\apiv2.js:96:34)
    at async getFirebaseProject (C:\Users\Mahbub\AppData\Roaming\npm\node_modules\firebase-tools\lib\management\projects.js:295:21)
    at async getDefaultHostingSite (C:\Users\Mahbub\AppData\Roaming\npm\node_modules\firebase-tools\lib\getDefaultHostingSite.js:8:21)
    at async requireHostingSite (C:\Users\Mahbub\AppData\Roaming\npm\node_modules\firebase-tools\lib\requireHostingSite.js:9:18)
    at async Object.fn (C:\Users\Mahbub\AppData\Roaming\npm\node_modules\firebase-tools\lib\commands\deploy.js:74:9)
    at async C:\Users\Mahbub\AppData\Roaming\npm\node_modules\firebase-tools\lib\command.js:214:17
[error] 
[error] Error: Failed to get Firebase project js-institute. Please make sure the project exists and your account has permission to access it.
